2015-06-16 10:11:22.331 Rezepte[29093:6707737] DiskCookieStorage changing policy from 2 to 0, cookie file: file:///Users/Wenia/Library/Developer/CoreSimulator/Devices/55AFC670-0A7A-4859-9FB0-94F596701BED/data/Containers/Data/Application/F19992D6-6703-4AAB-81D5-6FAC3706A54F/Library/Cookies/Cookies.binarycookies
2015-06-16 10:11:22.992 Rezepte[29093:6707737] Apache Cordova native platform version 3.7.0 is starting.
2015-06-16 10:11:22.993 Rezepte[29093:6707737] Multi-tasking -> Device: YES, App: YES
2015-06-16 10:11:23.027 Rezepte[29093:6707737] Unlimited access to network resources
2015-06-16 10:11:23.046 Rezepte[29093:6707737] 

Started backup to iCloud! Please be careful.
Your application might be rejected by Apple if you store too much data.
For more information please read "iOS Data Storage Guidelines" at:
https://developer.apple.com/icloud/documentation/data-storage/
To disable web storage backup to iCloud, set the BackupWebStorage preference to "local" in the Cordova config.xml file

2015-06-16 10:11:24.372 Rezepte[29093:6707737] Resetting plugins due to page load.
2015-06-16 10:11:24.665 Rezepte[29093:6707737] Finished load of: file:///Users/Wenia/Library/Developer/CoreSimulator/Devices/55AFC670-0A7A-4859-9FB0-94F596701BED/data/Containers/Bundle/Application/C0DADE9D-5F00-480A-A96B-136B2A24CE2B/Rezepte.app/www/index.html
2015-06-23 13:09:14.758 Rezepte[5046:607054] DiskCookieStorage changing policy from 2 to 0, cookie file: file:///Users/Wenia/Library/Developer/CoreSimulator/Devices/55AFC670-0A7A-4859-9FB0-94F596701BED/data/Containers/Data/Application/8EE1E24D-C2C0-4350-B7B9-674829B3923F/Library/Cookies/Cookies.binarycookies
2015-06-23 13:09:15.249 Rezepte[5046:607054] Apache Cordova native platform version 3.7.0 is starting.
2015-06-23 13:09:15.250 Rezepte[5046:607054] Multi-tasking -> Device: YES, App: YES
2015-06-23 13:09:15.279 Rezepte[5046:607054] Unlimited access to network resources
2015-06-23 13:09:15.296 Rezepte[5046:607054] 

Started backup to iCloud! Please be careful.
Your application might be rejected by Apple if you store too much data.
For more information please read "iOS Data Storage Guidelines" at:
https://developer.apple.com/icloud/documentation/data-storage/
To disable web storage backup to iCloud, set the BackupWebStorage preference to "local" in the Cordova config.xml file

2015-06-23 13:09:16.269 Rezepte[5046:607054] Resetting plugins due to page load.
2015-06-23 13:09:16.771 Rezepte[5046:607054] Finished load of: file:///Users/Wenia/Library/Developer/CoreSimulator/Devices/55AFC670-0A7A-4859-9FB0-94F596701BED/data/Containers/Bundle/Application/0BD3FB61-CBC4-4EFF-8DF7-4F93F881F838/Rezepte.app/www/index.html
2015-06-23 13:23:26.785 Rezepte[5326:618735] DiskCookieStorage changing policy from 2 to 0, cookie file: file:///Users/Wenia/Library/Developer/CoreSimulator/Devices/55AFC670-0A7A-4859-9FB0-94F596701BED/data/Containers/Data/Application/2BB119B4-F61D-40CC-989F-25788F8C0684/Library/Cookies/Cookies.binarycookies
2015-06-23 13:23:26.943 Rezepte[5326:618735] Apache Cordova native platform version 3.7.0 is starting.
2015-06-23 13:23:26.943 Rezepte[5326:618735] Multi-tasking -> Device: YES, App: YES
2015-06-23 13:23:26.945 Rezepte[5326:618735] Unlimited access to network resources
2015-06-23 13:23:26.949 Rezepte[5326:618735] 

Started backup to iCloud! Please be careful.
Your application might be rejected by Apple if you store too much data.
For more information please read "iOS Data Storage Guidelines" at:
https://developer.apple.com/icloud/documentation/data-storage/
To disable web storage backup to iCloud, set the BackupWebStorage preference to "local" in the Cordova config.xml file

2015-06-23 13:23:27.182 Rezepte[5326:618735] Resetting plugins due to page load.
2015-06-23 13:23:27.370 Rezepte[5326:618735] Finished load of: file:///Users/Wenia/Library/Developer/CoreSimulator/Devices/55AFC670-0A7A-4859-9FB0-94F596701BED/data/Containers/Bundle/Application/6169D14B-3608-4900-8A7F-5CFFBC2E13EE/Rezepte.app/www/index.html
